<?xml version="1.0" encoding="UTF-8"?>
<robot generator="Robot 7.0 (Python 3.8.5 on win32)" generated="2024-01-18T23:42:21.620358" rpa="false" schemaversion="5">
<suite id="s1" name="TestCases" source="C:\Users\User\PycharmProjects\InvolvemeRobotFramework\TestCases">
<suite id="s1-s1" name="Login" source="C:\Users\User\PycharmProjects\InvolvemeRobotFramework\TestCases\Login">
<suite id="s1-s1-s1" name="RegisterTC" source="C:\Users\User\PycharmProjects\InvolvemeRobotFramework\TestCases\Login\RegisterTC.robot">
<test id="s1-s1-s1-t1" name="TC1" line="13">
<kw name="Start" owner="common" type="SETUP">
<if>
<branch type="IF" condition="&quot;${browser}&quot; == &quot;chrome&quot;">
<kw name="Get Chromedriver Path" owner="browser">
<var>${driver_path}</var>
<status status="NOT RUN" start="2024-01-18T23:42:22.574859" elapsed="0.000000"/>
</kw>
<kw name="Open Browser" owner="SeleniumLibrary">
<arg>${URL}</arg>
<arg>chrome</arg>
<arg>executable_path=${driver_path}</arg>
<doc>Opens a new browser instance to the optional ``url``.</doc>
<status status="NOT RUN" start="2024-01-18T23:42:22.574859" elapsed="0.000000"/>
</kw>
<kw name="Go To" owner="SeleniumLibrary">
<arg>${URL}</arg>
<doc>Navigates the current browser window to the provided ``url``.</doc>
<status status="NOT RUN" start="2024-01-18T23:42:22.574859" elapsed="0.000000"/>
</kw>
<msg time="2024-01-18T23:42:22.574859" level="FAIL">Invalid IF condition: Evaluating expression '"${browser}" == "chrome"' failed: Variable '${browser}' not found.</msg>
<status status="FAIL" start="2024-01-18T23:42:22.567146" elapsed="0.007713">Invalid IF condition: Evaluating expression '"${browser}" == "chrome"' failed: Variable '${browser}' not found.</status>
</branch>
<branch type="ELSE IF" condition="&quot;${browser}&quot; == &quot;firefox&quot;">
<kw name="Disable Download Dialog" owner="browser">
<var>${driver_path}</var>
<status status="NOT RUN" start="2024-01-18T23:42:22.577595" elapsed="0.000000"/>
</kw>
<kw name="Open Browser" owner="SeleniumLibrary">
<arg>${URL}</arg>
<arg>firefox</arg>
<arg>executable_path=${driver_path}</arg>
<doc>Opens a new browser instance to the optional ``url``.</doc>
<status status="NOT RUN" start="2024-01-18T23:42:22.577595" elapsed="0.001001"/>
</kw>
<status status="NOT RUN" start="2024-01-18T23:42:22.574859" elapsed="0.003737"/>
</branch>
<branch type="ELSE">
<kw name="Disable Download Dialog" owner="browser">
<var>${driver_path}</var>
<status status="NOT RUN" start="2024-01-18T23:42:22.578596" elapsed="0.000000"/>
</kw>
<kw name="Open Browser" owner="SeleniumLibrary">
<arg>${URL}</arg>
<arg>firefox</arg>
<arg>executable_path=${driver_path}</arg>
<doc>Opens a new browser instance to the optional ``url``.</doc>
<status status="NOT RUN" start="2024-01-18T23:42:22.578596" elapsed="0.000000"/>
</kw>
<status status="NOT RUN" start="2024-01-18T23:42:22.578596" elapsed="0.000000"/>
</branch>
<status status="FAIL" start="2024-01-18T23:42:22.567146" elapsed="0.011450">Invalid IF condition: Evaluating expression '"${browser}" == "chrome"' failed: Variable '${browser}' not found.</status>
</if>
<kw name="Get Window Handles" owner="SeleniumLibrary">
<var>${handles}</var>
<doc>Returns all child window handles of the selected browser as a list.</doc>
<status status="NOT RUN" start="2024-01-18T23:42:22.578596" elapsed="0.000000"/>
</kw>
<kw name="Maximize Browser Window" owner="SeleniumLibrary">
<doc>Maximizes current browser window.</doc>
<status status="NOT RUN" start="2024-01-18T23:42:22.580708" elapsed="0.000000"/>
</kw>
<kw name="Verify Current URL" owner="common">
<status status="NOT RUN" start="2024-01-18T23:42:22.580708" elapsed="0.000999"/>
</kw>
<kw name="Read Json" owner="common">
<var>${SCREEN_TEXTS}</var>
<arg>C:/Users/User/PycharmProjects/InvolvemeRobotFramework/TestData/Involve_Test.json</arg>
<doc>The function, with its' own keyword reads the json files.</doc>
<status status="NOT RUN" start="2024-01-18T23:42:22.581707" elapsed="0.000000"/>
</kw>
<kw name="Set Global Variable" owner="BuiltIn">
<arg>${SCREEN_TEXTS}</arg>
<doc>Makes a variable available globally in all tests and suites.</doc>
<status status="NOT RUN" start="2024-01-18T23:42:22.581707" elapsed="0.000000"/>
</kw>
<status status="FAIL" start="2024-01-18T23:42:22.567146" elapsed="0.014561">Invalid IF condition: Evaluating expression '"${browser}" == "chrome"' failed: Variable '${browser}' not found.</status>
</kw>
<kw name="Close My Browser" owner="common" type="TEARDOWN">
<kw name="Sleep" owner="BuiltIn">
<msg time="2024-01-18T23:42:24.590209" level="INFO">Slept 2 seconds.</msg>
<arg>2s</arg>
<doc>Pauses the test executed for the given time.</doc>
<status status="PASS" start="2024-01-18T23:42:22.584435" elapsed="2.005774"/>
</kw>
<kw name="Close All Browsers" owner="SeleniumLibrary">
<doc>Closes all open browsers and resets the browser cache.</doc>
<status status="PASS" start="2024-01-18T23:42:24.591213" elapsed="0.000000"/>
</kw>
<status status="PASS" start="2024-01-18T23:42:22.581707" elapsed="2.009506"/>
</kw>
<doc>Register a New User with the email ID.</doc>
<status status="FAIL" start="2024-01-18T23:42:22.563896" elapsed="2.027317">Setup failed:
Invalid IF condition: Evaluating expression '"${browser}" == "chrome"' failed: Variable '${browser}' not found.</status>
</test>
<test id="s1-s1-s1-t2" name="TC2" line="33">
<kw name="Start" owner="common" type="SETUP">
<if>
<branch type="IF" condition="&quot;${browser}&quot; == &quot;chrome&quot;">
<kw name="Get Chromedriver Path" owner="browser">
<var>${driver_path}</var>
<status status="NOT RUN" start="2024-01-18T23:42:24.591213" elapsed="0.000000"/>
</kw>
<kw name="Open Browser" owner="SeleniumLibrary">
<arg>${URL}</arg>
<arg>chrome</arg>
<arg>executable_path=${driver_path}</arg>
<doc>Opens a new browser instance to the optional ``url``.</doc>
<status status="NOT RUN" start="2024-01-18T23:42:24.591213" elapsed="0.000000"/>
</kw>
<kw name="Go To" owner="SeleniumLibrary">
<arg>${URL}</arg>
<doc>Navigates the current browser window to the provided ``url``.</doc>
<status status="NOT RUN" start="2024-01-18T23:42:24.591213" elapsed="0.000000"/>
</kw>
<msg time="2024-01-18T23:42:24.591213" level="FAIL">Invalid IF condition: Evaluating expression '"${browser}" == "chrome"' failed: Variable '${browser}' not found.</msg>
<status status="FAIL" start="2024-01-18T23:42:24.591213" elapsed="0.000000">Invalid IF condition: Evaluating expression '"${browser}" == "chrome"' failed: Variable '${browser}' not found.</status>
</branch>
<branch type="ELSE IF" condition="&quot;${browser}&quot; == &quot;firefox&quot;">
<kw name="Disable Download Dialog" owner="browser">
<var>${driver_path}</var>
<status status="NOT RUN" start="2024-01-18T23:42:24.591213" elapsed="0.000000"/>
</kw>
<kw name="Open Browser" owner="SeleniumLibrary">
<arg>${URL}</arg>
<arg>firefox</arg>
<arg>executable_path=${driver_path}</arg>
<doc>Opens a new browser instance to the optional ``url``.</doc>
<status status="NOT RUN" start="2024-01-18T23:42:24.606893" elapsed="0.000000"/>
</kw>
<status status="NOT RUN" start="2024-01-18T23:42:24.591213" elapsed="0.015680"/>
</branch>
<branch type="ELSE">
<kw name="Disable Download Dialog" owner="browser">
<var>${driver_path}</var>
<status status="NOT RUN" start="2024-01-18T23:42:24.607895" elapsed="0.000000"/>
</kw>
<kw name="Open Browser" owner="SeleniumLibrary">
<arg>${URL}</arg>
<arg>firefox</arg>
<arg>executable_path=${driver_path}</arg>
<doc>Opens a new browser instance to the optional ``url``.</doc>
<status status="NOT RUN" start="2024-01-18T23:42:24.607895" elapsed="0.000000"/>
</kw>
<status status="NOT RUN" start="2024-01-18T23:42:24.606893" elapsed="0.001002"/>
</branch>
<status status="FAIL" start="2024-01-18T23:42:24.591213" elapsed="0.016682">Invalid IF condition: Evaluating expression '"${browser}" == "chrome"' failed: Variable '${browser}' not found.</status>
</if>
<kw name="Get Window Handles" owner="SeleniumLibrary">
<var>${handles}</var>
<doc>Returns all child window handles of the selected browser as a list.</doc>
<status status="NOT RUN" start="2024-01-18T23:42:24.607895" elapsed="0.000000"/>
</kw>
<kw name="Maximize Browser Window" owner="SeleniumLibrary">
<doc>Maximizes current browser window.</doc>
<status status="NOT RUN" start="2024-01-18T23:42:24.607895" elapsed="0.000000"/>
</kw>
<kw name="Verify Current URL" owner="common">
<status status="NOT RUN" start="2024-01-18T23:42:24.607895" elapsed="0.000000"/>
</kw>
<kw name="Read Json" owner="common">
<var>${SCREEN_TEXTS}</var>
<arg>C:/Users/User/PycharmProjects/InvolvemeRobotFramework/TestData/Involve_Test.json</arg>
<doc>The function, with its' own keyword reads the json files.</doc>
<status status="NOT RUN" start="2024-01-18T23:42:24.607895" elapsed="0.000000"/>
</kw>
<kw name="Set Global Variable" owner="BuiltIn">
<arg>${SCREEN_TEXTS}</arg>
<doc>Makes a variable available globally in all tests and suites.</doc>
<status status="NOT RUN" start="2024-01-18T23:42:24.607895" elapsed="0.000000"/>
</kw>
<status status="FAIL" start="2024-01-18T23:42:24.591213" elapsed="0.016682">Invalid IF condition: Evaluating expression '"${browser}" == "chrome"' failed: Variable '${browser}' not found.</status>
</kw>
<kw name="Close My Browser" owner="common" type="TEARDOWN">
<kw name="Sleep" owner="BuiltIn">
<msg time="2024-01-18T23:42:26.631577" level="INFO">Slept 2 seconds.</msg>
<arg>2s</arg>
<doc>Pauses the test executed for the given time.</doc>
<status status="PASS" start="2024-01-18T23:42:24.617559" elapsed="2.014018"/>
</kw>
<kw name="Close All Browsers" owner="SeleniumLibrary">
<doc>Closes all open browsers and resets the browser cache.</doc>
<status status="PASS" start="2024-01-18T23:42:26.631577" elapsed="0.000000"/>
</kw>
<status status="PASS" start="2024-01-18T23:42:24.607895" elapsed="2.023682"/>
</kw>
<doc>Register a Existing User with the email ID.</doc>
<status status="FAIL" start="2024-01-18T23:42:24.591213" elapsed="2.040364">Setup failed:
Invalid IF condition: Evaluating expression '"${browser}" == "chrome"' failed: Variable '${browser}' not found.</status>
</test>
<status status="FAIL" start="2024-01-18T23:42:21.675787" elapsed="4.955790"/>
</suite>
<status status="FAIL" start="2024-01-18T23:42:21.675787" elapsed="4.955790"/>
</suite>
<status status="FAIL" start="2024-01-18T23:42:21.629145" elapsed="5.002432"/>
</suite>
<statistics>
<total>
<stat pass="0" fail="2" skip="0">All Tests</stat>
</total>
<tag>
</tag>
<suite>
<stat pass="0" fail="2" skip="0" id="s1" name="TestCases">TestCases</stat>
<stat pass="0" fail="2" skip="0" id="s1-s1" name="Login">TestCases.Login</stat>
<stat pass="0" fail="2" skip="0" id="s1-s1-s1" name="RegisterTC">TestCases.Login.RegisterTC</stat>
</suite>
</statistics>
<errors>
<msg time="2024-01-18T23:42:21.579224" level="WARN">Error in file 'C:\Users\User\PycharmProjects\InvolvemeRobotFramework\TestCases\Login\RegisterTC.robot' on line 12: Singular section headers like '*** Test Case ***' are deprecated. Use plural format like '*** Test Cases ***' instead.</msg>
<msg time="2024-01-18T23:42:21.581676" level="WARN">Error in file 'C:\Users\User\PycharmProjects\InvolvemeRobotFramework\TestCases\Login\SearchTC.robot' on line 9: Singular section headers like '*** Test Case ***' are deprecated. Use plural format like '*** Test Cases ***' instead.</msg>
<msg time="2024-01-18T23:42:21.599954" level="ERROR">Error in file 'C:\Users\User\PycharmProjects\InvolvemeRobotFramework\TestCases\Testing\stack1.robot' on line 3: Non-existing setting 'Library SeleniumLibrary'.</msg>
<msg time="2024-01-18T23:42:21.599954" level="ERROR">Error in file 'C:\Users\User\PycharmProjects\InvolvemeRobotFramework\TestCases\Testing\stack1.robot' on line 5: Non-existing setting 'Resource ../Resources/Login_resources.robot'.</msg>
<msg time="2024-01-18T23:42:21.599954" level="ERROR">Error in file 'C:\Users\User\PycharmProjects\InvolvemeRobotFramework\TestCases\Testing\stack1.robot' on line 7: Non-existing setting 'Library DataDriver ../TestData/DDTXLS.xlsx encoding="ISO-8859-1"'.</msg>
<msg time="2024-01-18T23:42:21.599954" level="ERROR">Error in file 'C:\Users\User\PycharmProjects\InvolvemeRobotFramework\TestCases\Testing\stack1.robot' on line 9: Non-existing setting 'Library String'.</msg>
<msg time="2024-01-18T23:42:21.599954" level="ERROR">Error in file 'C:\Users\User\PycharmProjects\InvolvemeRobotFramework\TestCases\Testing\stack1.robot' on line 11: Non-existing setting 'Suite Setup Login_resources.Start TestCase'.</msg>
<msg time="2024-01-18T23:42:21.599954" level="ERROR">Error in file 'C:\Users\User\PycharmProjects\InvolvemeRobotFramework\TestCases\Testing\stack1.robot' on line 13: Non-existing setting 'Suite Teardown Login_resources.Finish TestCase'.</msg>
<msg time="2024-01-18T23:42:21.599954" level="ERROR">Error in file 'C:\Users\User\PycharmProjects\InvolvemeRobotFramework\TestCases\Testing\stack1.robot' on line 15: Non-existing setting 'Test Template Invalid login'.</msg>
<msg time="2024-01-18T23:42:21.601922" level="ERROR">Error in file 'C:\Users\User\PycharmProjects\InvolvemeRobotFramework\TestCases\Testing\test111.robot' on line 3: Non-existing setting ''.</msg>
<msg time="2024-01-18T23:42:21.601922" level="ERROR">Error in file 'C:\Users\User\PycharmProjects\InvolvemeRobotFramework\TestCases\Testing\test111.robot' on line 4: Non-existing setting ''.</msg>
<msg time="2024-01-18T23:42:21.601922" level="ERROR">Error in file 'C:\Users\User\PycharmProjects\InvolvemeRobotFramework\TestCases\Testing\test111.robot' on line 5: Non-existing setting ''.</msg>
<msg time="2024-01-18T23:42:21.601922" level="ERROR">Error in file 'C:\Users\User\PycharmProjects\InvolvemeRobotFramework\TestCases\Testing\test111.robot' on line 6: Non-existing setting ''.</msg>
<msg time="2024-01-18T23:42:21.623536" level="ERROR">Taking listener 'RobotStackTracer' into use failed: Importing listener 'RobotStackTracer' failed: ModuleNotFoundError: No module named 'RobotStackTracer'
Traceback (most recent call last):
  None
PYTHONPATH:
  C:\Users\User\PycharmProjects\InvolvemeRobotFramework\venv\Scripts\robot.exe
  C:\Users\User\AppData\Local\Programs\Python\Python38-32\python38.zip
  C:\Users\User\AppData\Local\Programs\Python\Python38-32\DLLs
  C:\Users\User\AppData\Local\Programs\Python\Python38-32\lib
  C:\Users\User\AppData\Local\Programs\Python\Python38-32
  C:\Users\User\PycharmProjects\InvolvemeRobotFramework\venv
  C:\Users\User\PycharmProjects\InvolvemeRobotFramework\venv\lib\site-packages</msg>
<msg time="2024-01-18T23:42:22.125111" level="WARN">Error in file 'C:\Users\User\PycharmProjects\InvolvemeRobotFramework\PageObjects\common\common.robot' on line 70: The '[Return]' setting is deprecated. Use the 'RETURN' statement instead.</msg>
<msg time="2024-01-18T23:42:22.126115" level="WARN">Error in file 'C:\Users\User\PycharmProjects\InvolvemeRobotFramework\PageObjects\common\common.robot' on line 111: The '[Return]' setting is deprecated. Use the 'RETURN' statement instead.</msg>
<msg time="2024-01-18T23:42:22.126115" level="WARN">Error in file 'C:\Users\User\PycharmProjects\InvolvemeRobotFramework\PageObjects\common\common.robot' on line 116: The '[Return]' setting is deprecated. Use the 'RETURN' statement instead.</msg>
<msg time="2024-01-18T23:42:22.127678" level="WARN">Error in file 'C:\Users\User\PycharmProjects\InvolvemeRobotFramework\PageObjects\common\common.robot' on line 121: The '[Return]' setting is deprecated. Use the 'RETURN' statement instead.</msg>
<msg time="2024-01-18T23:42:22.128679" level="WARN">Error in file 'C:\Users\User\PycharmProjects\InvolvemeRobotFramework\PageObjects\common\common.robot' on line 138: The '[Return]' setting is deprecated. Use the 'RETURN' statement instead.</msg>
<msg time="2024-01-18T23:42:22.128679" level="WARN">Error in file 'C:\Users\User\PycharmProjects\InvolvemeRobotFramework\PageObjects\common\common.robot' on line 145: The '[Return]' setting is deprecated. Use the 'RETURN' statement instead.</msg>
</errors>
</robot>
