<?xml version="1.0" encoding="UTF-8"?>
<robot generator="Robot 7.0 (Python 3.8.5 on win32)" generated="2024-01-18T23:42:25.769314" rpa="false" schemaversion="5">
<suite id="s1" name="TestCases" source="C:\Users\User\PycharmProjects\InvolvemeRobotFramework\TestCases">
<suite id="s1-s1" name="Robot Reports" source="C:\Users\User\PycharmProjects\InvolvemeRobotFramework\TestCases\robot_reports">
<suite id="s1-s1-s1" name="Test1" source="C:\Users\User\PycharmProjects\InvolvemeRobotFramework\TestCases\robot_reports\test1.robot">
<test id="s1-s1-s1-t1" name="Test title" line="7">
<kw name="Set Variable" owner="BuiltIn">
<msg time="2024-01-18T23:42:25.894213" level="INFO">${str} = test /n 18</msg>
<var>${str}</var>
<arg>test /n 18</arg>
<doc>Returns the given values which can then be assigned to a variables.</doc>
<status status="PASS" start="2024-01-18T23:42:25.894213" elapsed="0.000000"/>
</kw>
<kw name="Split String" owner="String">
<msg time="2024-01-18T23:42:25.894213" level="INFO">${Id} = ['test ', ' 18']</msg>
<var>${Id}</var>
<arg>${str}</arg>
<arg>/n</arg>
<doc>Splits the ``string`` using ``separator`` as a delimiter string.</doc>
<status status="PASS" start="2024-01-18T23:42:25.894213" elapsed="0.000000"/>
</kw>
<kw name="Log To Console" owner="BuiltIn">
<arg>${Id}[0]</arg>
<doc>Logs the given message to the console.</doc>
<status status="PASS" start="2024-01-18T23:42:25.894213" elapsed="0.000000"/>
</kw>
<status status="PASS" start="2024-01-18T23:42:25.894213" elapsed="0.000000"/>
</test>
<doc>Suite description</doc>
<status status="PASS" start="2024-01-18T23:42:25.870372" elapsed="0.023841"/>
</suite>
<status status="PASS" start="2024-01-18T23:42:25.860321" elapsed="0.033892"/>
</suite>
<status status="PASS" start="2024-01-18T23:42:25.794860" elapsed="0.099353"/>
</suite>
<statistics>
<total>
<stat pass="1" fail="0" skip="0">All Tests</stat>
</total>
<tag>
</tag>
<suite>
<stat pass="1" fail="0" skip="0" id="s1" name="TestCases">TestCases</stat>
<stat pass="1" fail="0" skip="0" id="s1-s1" name="Robot Reports">TestCases.Robot Reports</stat>
<stat pass="1" fail="0" skip="0" id="s1-s1-s1" name="Test1">TestCases.Robot Reports.Test1</stat>
</suite>
</statistics>
<errors>
<msg time="2024-01-18T23:42:25.668015" level="WARN">Error in file 'C:\Users\User\PycharmProjects\InvolvemeRobotFramework\TestCases\Login\RegisterTC.robot' on line 12: Singular section headers like '*** Test Case ***' are deprecated. Use plural format like '*** Test Cases ***' instead.</msg>
<msg time="2024-01-18T23:42:25.668015" level="WARN">Error in file 'C:\Users\User\PycharmProjects\InvolvemeRobotFramework\TestCases\Login\SearchTC.robot' on line 9: Singular section headers like '*** Test Case ***' are deprecated. Use plural format like '*** Test Cases ***' instead.</msg>
<msg time="2024-01-18T23:42:25.735418" level="ERROR">Error in file 'C:\Users\User\PycharmProjects\InvolvemeRobotFramework\TestCases\Testing\stack1.robot' on line 3: Non-existing setting 'Library SeleniumLibrary'.</msg>
<msg time="2024-01-18T23:42:25.735418" level="ERROR">Error in file 'C:\Users\User\PycharmProjects\InvolvemeRobotFramework\TestCases\Testing\stack1.robot' on line 5: Non-existing setting 'Resource ../Resources/Login_resources.robot'.</msg>
<msg time="2024-01-18T23:42:25.735418" level="ERROR">Error in file 'C:\Users\User\PycharmProjects\InvolvemeRobotFramework\TestCases\Testing\stack1.robot' on line 7: Non-existing setting 'Library DataDriver ../TestData/DDTXLS.xlsx encoding="ISO-8859-1"'.</msg>
<msg time="2024-01-18T23:42:25.735418" level="ERROR">Error in file 'C:\Users\User\PycharmProjects\InvolvemeRobotFramework\TestCases\Testing\stack1.robot' on line 9: Non-existing setting 'Library String'.</msg>
<msg time="2024-01-18T23:42:25.735418" level="ERROR">Error in file 'C:\Users\User\PycharmProjects\InvolvemeRobotFramework\TestCases\Testing\stack1.robot' on line 11: Non-existing setting 'Suite Setup Login_resources.Start TestCase'.</msg>
<msg time="2024-01-18T23:42:25.735418" level="ERROR">Error in file 'C:\Users\User\PycharmProjects\InvolvemeRobotFramework\TestCases\Testing\stack1.robot' on line 13: Non-existing setting 'Suite Teardown Login_resources.Finish TestCase'.</msg>
<msg time="2024-01-18T23:42:25.735418" level="ERROR">Error in file 'C:\Users\User\PycharmProjects\InvolvemeRobotFramework\TestCases\Testing\stack1.robot' on line 15: Non-existing setting 'Test Template Invalid login'.</msg>
<msg time="2024-01-18T23:42:25.735418" level="ERROR">Error in file 'C:\Users\User\PycharmProjects\InvolvemeRobotFramework\TestCases\Testing\test111.robot' on line 3: Non-existing setting ''.</msg>
<msg time="2024-01-18T23:42:25.735418" level="ERROR">Error in file 'C:\Users\User\PycharmProjects\InvolvemeRobotFramework\TestCases\Testing\test111.robot' on line 4: Non-existing setting ''.</msg>
<msg time="2024-01-18T23:42:25.735418" level="ERROR">Error in file 'C:\Users\User\PycharmProjects\InvolvemeRobotFramework\TestCases\Testing\test111.robot' on line 5: Non-existing setting ''.</msg>
<msg time="2024-01-18T23:42:25.735418" level="ERROR">Error in file 'C:\Users\User\PycharmProjects\InvolvemeRobotFramework\TestCases\Testing\test111.robot' on line 6: Non-existing setting ''.</msg>
<msg time="2024-01-18T23:42:25.769314" level="ERROR">Taking listener 'RobotStackTracer' into use failed: Importing listener 'RobotStackTracer' failed: ModuleNotFoundError: No module named 'RobotStackTracer'
Traceback (most recent call last):
  None
PYTHONPATH:
  C:\Users\User\PycharmProjects\InvolvemeRobotFramework\venv\Scripts\robot.exe
  C:\Users\User\AppData\Local\Programs\Python\Python38-32\python38.zip
  C:\Users\User\AppData\Local\Programs\Python\Python38-32\DLLs
  C:\Users\User\AppData\Local\Programs\Python\Python38-32\lib
  C:\Users\User\AppData\Local\Programs\Python\Python38-32
  C:\Users\User\PycharmProjects\InvolvemeRobotFramework\venv
  C:\Users\User\PycharmProjects\InvolvemeRobotFramework\venv\lib\site-packages</msg>
</errors>
</robot>
