<?xml version="1.0" encoding="UTF-8"?>
<robot generator="Robot 7.0 (Python 3.8.5 on win32)" generated="2024-01-18T23:42:27.890342" rpa="false" schemaversion="5">
<suite id="s1" name="TestCases" source="C:\Users\User\PycharmProjects\InvolvemeRobotFramework\TestCases">
<suite id="s1-s1" name="Testing" source="C:\Users\User\PycharmProjects\InvolvemeRobotFramework\TestCases\Testing">
<suite id="s1-s1-s1" name="TimeTC" source="C:\Users\User\PycharmProjects\InvolvemeRobotFramework\TestCases\Testing\TimeTC.robot">
<test id="s1-s1-s1-t1" name="Test Login" line="8">
<kw name="Get Current Date" owner="DateTime">
<msg time="2024-01-18T23:42:28.498613" level="INFO">${date} = 2024-01-19 04:42:28</msg>
<var>${date}</var>
<arg>UTC</arg>
<arg>exclude_millis=yes</arg>
<doc>Returns current local or UTC time with an optional increment.</doc>
<status status="PASS" start="2024-01-18T23:42:28.475922" elapsed="0.022691"/>
</kw>
<kw name="Convert Date" owner="DateTime">
<msg time="2024-01-18T23:42:28.507231" level="INFO">${future} = 04_42</msg>
<var>${future}</var>
<arg>${date}</arg>
<arg>result_format=%H_%M</arg>
<doc>Converts between supported `date formats`.</doc>
<status status="PASS" start="2024-01-18T23:42:28.499615" elapsed="0.007616"/>
</kw>
<kw name="Log" owner="BuiltIn">
<msg time="2024-01-18T23:42:28.508422" level="INFO">04_42</msg>
<arg>${future}</arg>
<arg>console=yes</arg>
<doc>Logs the given message with the given level.</doc>
<status status="PASS" start="2024-01-18T23:42:28.508422" elapsed="0.000000"/>
</kw>
<status status="PASS" start="2024-01-18T23:42:28.449817" elapsed="0.059604"/>
</test>
<doc>Test Case Login</doc>
<status status="PASS" start="2024-01-18T23:42:27.987334" elapsed="0.522087"/>
</suite>
<status status="PASS" start="2024-01-18T23:42:27.982675" elapsed="0.526746"/>
</suite>
<status status="PASS" start="2024-01-18T23:42:27.902004" elapsed="0.607417"/>
</suite>
<statistics>
<total>
<stat pass="1" fail="0" skip="0">All Tests</stat>
</total>
<tag>
</tag>
<suite>
<stat pass="1" fail="0" skip="0" id="s1" name="TestCases">TestCases</stat>
<stat pass="1" fail="0" skip="0" id="s1-s1" name="Testing">TestCases.Testing</stat>
<stat pass="1" fail="0" skip="0" id="s1-s1-s1" name="TimeTC">TestCases.Testing.TimeTC</stat>
</suite>
</statistics>
<errors>
<msg time="2024-01-18T23:42:27.804810" level="WARN">Error in file 'C:\Users\User\PycharmProjects\InvolvemeRobotFramework\TestCases\Login\RegisterTC.robot' on line 12: Singular section headers like '*** Test Case ***' are deprecated. Use plural format like '*** Test Cases ***' instead.</msg>
<msg time="2024-01-18T23:42:27.810391" level="WARN">Error in file 'C:\Users\User\PycharmProjects\InvolvemeRobotFramework\TestCases\Login\SearchTC.robot' on line 9: Singular section headers like '*** Test Case ***' are deprecated. Use plural format like '*** Test Cases ***' instead.</msg>
<msg time="2024-01-18T23:42:27.844663" level="ERROR">Error in file 'C:\Users\User\PycharmProjects\InvolvemeRobotFramework\TestCases\Testing\stack1.robot' on line 3: Non-existing setting 'Library SeleniumLibrary'.</msg>
<msg time="2024-01-18T23:42:27.844663" level="ERROR">Error in file 'C:\Users\User\PycharmProjects\InvolvemeRobotFramework\TestCases\Testing\stack1.robot' on line 5: Non-existing setting 'Resource ../Resources/Login_resources.robot'.</msg>
<msg time="2024-01-18T23:42:27.844663" level="ERROR">Error in file 'C:\Users\User\PycharmProjects\InvolvemeRobotFramework\TestCases\Testing\stack1.robot' on line 7: Non-existing setting 'Library DataDriver ../TestData/DDTXLS.xlsx encoding="ISO-8859-1"'.</msg>
<msg time="2024-01-18T23:42:27.844663" level="ERROR">Error in file 'C:\Users\User\PycharmProjects\InvolvemeRobotFramework\TestCases\Testing\stack1.robot' on line 9: Non-existing setting 'Library String'.</msg>
<msg time="2024-01-18T23:42:27.844663" level="ERROR">Error in file 'C:\Users\User\PycharmProjects\InvolvemeRobotFramework\TestCases\Testing\stack1.robot' on line 11: Non-existing setting 'Suite Setup Login_resources.Start TestCase'.</msg>
<msg time="2024-01-18T23:42:27.844663" level="ERROR">Error in file 'C:\Users\User\PycharmProjects\InvolvemeRobotFramework\TestCases\Testing\stack1.robot' on line 13: Non-existing setting 'Suite Teardown Login_resources.Finish TestCase'.</msg>
<msg time="2024-01-18T23:42:27.844663" level="ERROR">Error in file 'C:\Users\User\PycharmProjects\InvolvemeRobotFramework\TestCases\Testing\stack1.robot' on line 15: Non-existing setting 'Test Template Invalid login'.</msg>
<msg time="2024-01-18T23:42:27.844663" level="ERROR">Error in file 'C:\Users\User\PycharmProjects\InvolvemeRobotFramework\TestCases\Testing\test111.robot' on line 3: Non-existing setting ''.</msg>
<msg time="2024-01-18T23:42:27.860544" level="ERROR">Error in file 'C:\Users\User\PycharmProjects\InvolvemeRobotFramework\TestCases\Testing\test111.robot' on line 4: Non-existing setting ''.</msg>
<msg time="2024-01-18T23:42:27.860544" level="ERROR">Error in file 'C:\Users\User\PycharmProjects\InvolvemeRobotFramework\TestCases\Testing\test111.robot' on line 5: Non-existing setting ''.</msg>
<msg time="2024-01-18T23:42:27.860544" level="ERROR">Error in file 'C:\Users\User\PycharmProjects\InvolvemeRobotFramework\TestCases\Testing\test111.robot' on line 6: Non-existing setting ''.</msg>
<msg time="2024-01-18T23:42:27.893547" level="ERROR">Taking listener 'RobotStackTracer' into use failed: Importing listener 'RobotStackTracer' failed: ModuleNotFoundError: No module named 'RobotStackTracer'
Traceback (most recent call last):
  None
PYTHONPATH:
  C:\Users\User\PycharmProjects\InvolvemeRobotFramework\venv\Scripts\robot.exe
  C:\Users\User\AppData\Local\Programs\Python\Python38-32\python38.zip
  C:\Users\User\AppData\Local\Programs\Python\Python38-32\DLLs
  C:\Users\User\AppData\Local\Programs\Python\Python38-32\lib
  C:\Users\User\AppData\Local\Programs\Python\Python38-32
  C:\Users\User\PycharmProjects\InvolvemeRobotFramework\venv
  C:\Users\User\PycharmProjects\InvolvemeRobotFramework\venv\lib\site-packages</msg>
</errors>
</robot>
